<?xml version="1.0" encoding="UTF-8"?>
<testng-results skipped="0" failed="0" ignored="0" total="24" passed="24">
  <reporter-output>
  </reporter-output>
  <suite name="Suite" duration-ms="548607" started-at="2020-09-15T15:49:12 IST" finished-at="2020-09-15T15:58:20 IST">
    <groups>
    </groups>
    <test name="Test" duration-ms="548607" started-at="2020-09-15T15:49:12 IST" finished-at="2020-09-15T15:58:20 IST">
      <class name="com.zerobank.qa.testcases.Account_activity_page_test">
        <test-method status="PASS" signature="setup()[pri:0, instance:com.zerobank.qa.testcases.Account_activity_page_test@71bbf57e]" name="setup" is-config="true" duration-ms="21709" started-at="2020-09-15T15:49:12 IST" finished-at="2020-09-15T15:49:33 IST">
          <reporter-output>
          </reporter-output>
        </test-method> <!-- setup -->
        <test-method status="PASS" signature="TC13()[pri:0, instance:com.zerobank.qa.testcases.Account_activity_page_test@71bbf57e]" name="TC13" duration-ms="12164" started-at="2020-09-15T15:49:33 IST" finished-at="2020-09-15T15:49:46 IST">
          <reporter-output>
          </reporter-output>
        </test-method> <!-- TC13 -->
        <test-method status="PASS" signature="teardown1()[pri:0, instance:com.zerobank.qa.testcases.Account_activity_page_test@71bbf57e]" name="teardown1" is-config="true" duration-ms="2570" started-at="2020-09-15T15:49:46 IST" finished-at="2020-09-15T15:49:48 IST">
          <reporter-output>
          </reporter-output>
        </test-method> <!-- teardown1 -->
        <test-method status="PASS" signature="setup()[pri:0, instance:com.zerobank.qa.testcases.Account_activity_page_test@71bbf57e]" name="setup" is-config="true" duration-ms="8922" started-at="2020-09-15T15:49:48 IST" finished-at="2020-09-15T15:49:57 IST">
          <reporter-output>
          </reporter-output>
        </test-method> <!-- setup -->
        <test-method status="PASS" signature="TC14()[pri:1, instance:com.zerobank.qa.testcases.Account_activity_page_test@71bbf57e]" name="TC14" duration-ms="9540" started-at="2020-09-15T15:49:57 IST" finished-at="2020-09-15T15:50:07 IST">
          <reporter-output>
          </reporter-output>
        </test-method> <!-- TC14 -->
        <test-method status="PASS" signature="teardown1()[pri:0, instance:com.zerobank.qa.testcases.Account_activity_page_test@71bbf57e]" name="teardown1" is-config="true" duration-ms="756" started-at="2020-09-15T15:50:07 IST" finished-at="2020-09-15T15:50:07 IST">
          <reporter-output>
          </reporter-output>
        </test-method> <!-- teardown1 -->
        <test-method status="PASS" signature="setup()[pri:0, instance:com.zerobank.qa.testcases.Account_activity_page_test@71bbf57e]" name="setup" is-config="true" duration-ms="10603" started-at="2020-09-15T15:50:07 IST" finished-at="2020-09-15T15:50:18 IST">
          <reporter-output>
          </reporter-output>
        </test-method> <!-- setup -->
        <test-method status="PASS" signature="TC15()[pri:2, instance:com.zerobank.qa.testcases.Account_activity_page_test@71bbf57e]" name="TC15" duration-ms="9574" started-at="2020-09-15T15:50:18 IST" finished-at="2020-09-15T15:50:28 IST">
          <reporter-output>
          </reporter-output>
        </test-method> <!-- TC15 -->
        <test-method status="PASS" signature="teardown1()[pri:0, instance:com.zerobank.qa.testcases.Account_activity_page_test@71bbf57e]" name="teardown1" is-config="true" duration-ms="685" started-at="2020-09-15T15:50:28 IST" finished-at="2020-09-15T15:50:28 IST">
          <reporter-output>
          </reporter-output>
        </test-method> <!-- teardown1 -->
        <test-method status="PASS" signature="setup()[pri:0, instance:com.zerobank.qa.testcases.Account_activity_page_test@71bbf57e]" name="setup" is-config="true" duration-ms="10110" started-at="2020-09-15T15:50:28 IST" finished-at="2020-09-15T15:50:38 IST">
          <reporter-output>
          </reporter-output>
        </test-method> <!-- setup -->
        <test-method status="PASS" signature="TC16()[pri:3, instance:com.zerobank.qa.testcases.Account_activity_page_test@71bbf57e]" name="TC16" duration-ms="9329" started-at="2020-09-15T15:50:38 IST" finished-at="2020-09-15T15:50:48 IST">
          <reporter-output>
          </reporter-output>
        </test-method> <!-- TC16 -->
        <test-method status="PASS" signature="teardown1()[pri:0, instance:com.zerobank.qa.testcases.Account_activity_page_test@71bbf57e]" name="teardown1" is-config="true" duration-ms="680" started-at="2020-09-15T15:50:48 IST" finished-at="2020-09-15T15:50:48 IST">
          <reporter-output>
          </reporter-output>
        </test-method> <!-- teardown1 -->
        <test-method status="PASS" signature="setup()[pri:0, instance:com.zerobank.qa.testcases.Account_activity_page_test@71bbf57e]" name="setup" is-config="true" duration-ms="8865" started-at="2020-09-15T15:50:48 IST" finished-at="2020-09-15T15:50:57 IST">
          <reporter-output>
          </reporter-output>
        </test-method> <!-- setup -->
        <test-method status="PASS" signature="TC17()[pri:4, instance:com.zerobank.qa.testcases.Account_activity_page_test@71bbf57e]" name="TC17" duration-ms="9596" started-at="2020-09-15T15:50:57 IST" finished-at="2020-09-15T15:51:07 IST">
          <reporter-output>
          </reporter-output>
        </test-method> <!-- TC17 -->
        <test-method status="PASS" signature="teardown1()[pri:0, instance:com.zerobank.qa.testcases.Account_activity_page_test@71bbf57e]" name="teardown1" is-config="true" duration-ms="663" started-at="2020-09-15T15:51:07 IST" finished-at="2020-09-15T15:51:07 IST">
          <reporter-output>
          </reporter-output>
        </test-method> <!-- teardown1 -->
        <test-method status="PASS" signature="setup()[pri:0, instance:com.zerobank.qa.testcases.Account_activity_page_test@71bbf57e]" name="setup" is-config="true" duration-ms="8656" started-at="2020-09-15T15:51:07 IST" finished-at="2020-09-15T15:51:16 IST">
          <reporter-output>
          </reporter-output>
        </test-method> <!-- setup -->
        <test-method status="PASS" signature="TC17_DOUBLE()[pri:5, instance:com.zerobank.qa.testcases.Account_activity_page_test@71bbf57e]" name="TC17_DOUBLE" duration-ms="10173" started-at="2020-09-15T15:51:16 IST" finished-at="2020-09-15T15:51:26 IST">
          <reporter-output>
          </reporter-output>
        </test-method> <!-- TC17_DOUBLE -->
        <test-method status="PASS" signature="teardown1()[pri:0, instance:com.zerobank.qa.testcases.Account_activity_page_test@71bbf57e]" name="teardown1" is-config="true" duration-ms="672" started-at="2020-09-15T15:51:26 IST" finished-at="2020-09-15T15:51:27 IST">
          <reporter-output>
          </reporter-output>
        </test-method> <!-- teardown1 -->
      </class> <!-- com.zerobank.qa.testcases.Account_activity_page_test -->
      <class name="com.zerobank.qa.testcases.Pay_bills_page_test">
        <test-method status="PASS" signature="setup()[pri:0, instance:com.zerobank.qa.testcases.Pay_bills_page_test@10bbd20a]" name="setup" is-config="true" duration-ms="19179" started-at="2020-09-15T15:56:09 IST" finished-at="2020-09-15T15:56:28 IST">
          <reporter-output>
          </reporter-output>
        </test-method> <!-- setup -->
        <test-method status="PASS" signature="TC21()[pri:0, instance:com.zerobank.qa.testcases.Pay_bills_page_test@10bbd20a]" name="TC21" duration-ms="52852" started-at="2020-09-15T15:56:28 IST" finished-at="2020-09-15T15:57:21 IST">
          <reporter-output>
          </reporter-output>
        </test-method> <!-- TC21 -->
        <test-method status="PASS" signature="teardown1()[pri:0, instance:com.zerobank.qa.testcases.Pay_bills_page_test@10bbd20a]" name="teardown1" is-config="true" duration-ms="4285" started-at="2020-09-15T15:57:21 IST" finished-at="2020-09-15T15:57:25 IST">
          <reporter-output>
          </reporter-output>
        </test-method> <!-- teardown1 -->
      </class> <!-- com.zerobank.qa.testcases.Pay_bills_page_test -->
      <class name="com.zerobank.qa.testcases.Add_new_payee_page_test">
        <test-method status="PASS" signature="setup()[pri:0, instance:com.zerobank.qa.testcases.Add_new_payee_page_test@51cdd8a]" name="setup" is-config="true" duration-ms="9378" started-at="2020-09-15T15:53:17 IST" finished-at="2020-09-15T15:53:27 IST">
          <reporter-output>
          </reporter-output>
        </test-method> <!-- setup -->
        <test-method status="PASS" signature="TC22()[pri:0, instance:com.zerobank.qa.testcases.Add_new_payee_page_test@51cdd8a]" name="TC22" duration-ms="11677" started-at="2020-09-15T15:53:27 IST" finished-at="2020-09-15T15:53:38 IST">
          <reporter-output>
          </reporter-output>
        </test-method> <!-- TC22 -->
        <test-method status="PASS" signature="teardown1()[pri:0, instance:com.zerobank.qa.testcases.Add_new_payee_page_test@51cdd8a]" name="teardown1" is-config="true" duration-ms="655" started-at="2020-09-15T15:53:38 IST" finished-at="2020-09-15T15:53:39 IST">
          <reporter-output>
          </reporter-output>
        </test-method> <!-- teardown1 -->
      </class> <!-- com.zerobank.qa.testcases.Add_new_payee_page_test -->
      <class name="com.zerobank.qa.testcases.Feedback_page_test">
        <test-method status="PASS" signature="setup()[pri:0, instance:com.zerobank.qa.testcases.Feedback_page_test@d44fc21]" name="setup" is-config="true" duration-ms="9271" started-at="2020-09-15T15:53:39 IST" finished-at="2020-09-15T15:53:48 IST">
          <reporter-output>
          </reporter-output>
        </test-method> <!-- setup -->
        <test-method status="PASS" signature="TC26()[pri:0, instance:com.zerobank.qa.testcases.Feedback_page_test@d44fc21]" name="TC26" duration-ms="2701" started-at="2020-09-15T15:53:48 IST" finished-at="2020-09-15T15:53:51 IST">
          <reporter-output>
          </reporter-output>
        </test-method> <!-- TC26 -->
        <test-method status="PASS" signature="teardown1()[pri:0, instance:com.zerobank.qa.testcases.Feedback_page_test@d44fc21]" name="teardown1" is-config="true" duration-ms="1" started-at="2020-09-15T15:53:51 IST" finished-at="2020-09-15T15:53:51 IST">
          <reporter-output>
          </reporter-output>
        </test-method> <!-- teardown1 -->
      </class> <!-- com.zerobank.qa.testcases.Feedback_page_test -->
      <class name="com.zerobank.qa.testcases.Home_page_test">
        <test-method status="PASS" signature="setup()[pri:0, instance:com.zerobank.qa.testcases.Home_page_test@2d6eabae]" name="setup" is-config="true" duration-ms="17923" started-at="2020-09-15T15:54:14 IST" finished-at="2020-09-15T15:54:32 IST">
          <reporter-output>
          </reporter-output>
        </test-method> <!-- setup -->
        <test-method status="PASS" signature="TC2()[pri:0, instance:com.zerobank.qa.testcases.Home_page_test@2d6eabae]" name="TC2" duration-ms="1217" started-at="2020-09-15T15:54:32 IST" finished-at="2020-09-15T15:54:33 IST">
          <reporter-output>
          </reporter-output>
        </test-method> <!-- TC2 -->
        <test-method status="PASS" signature="teardown1()[pri:0, instance:com.zerobank.qa.testcases.Home_page_test@2d6eabae]" name="teardown1" is-config="true" duration-ms="1501" started-at="2020-09-15T15:54:33 IST" finished-at="2020-09-15T15:54:35 IST">
          <reporter-output>
          </reporter-output>
        </test-method> <!-- teardown1 -->
        <test-method status="PASS" signature="setup()[pri:0, instance:com.zerobank.qa.testcases.Home_page_test@2d6eabae]" name="setup" is-config="true" duration-ms="15340" started-at="2020-09-15T15:54:35 IST" finished-at="2020-09-15T15:54:50 IST">
          <reporter-output>
          </reporter-output>
        </test-method> <!-- setup -->
        <test-method status="PASS" signature="TC3()[pri:1, instance:com.zerobank.qa.testcases.Home_page_test@2d6eabae]" name="TC3" duration-ms="6157" started-at="2020-09-15T15:54:50 IST" finished-at="2020-09-15T15:54:56 IST">
          <reporter-output>
          </reporter-output>
        </test-method> <!-- TC3 -->
        <test-method status="PASS" signature="teardown1()[pri:0, instance:com.zerobank.qa.testcases.Home_page_test@2d6eabae]" name="teardown1" is-config="true" duration-ms="796" started-at="2020-09-15T15:54:56 IST" finished-at="2020-09-15T15:54:57 IST">
          <reporter-output>
          </reporter-output>
        </test-method> <!-- teardown1 -->
        <test-method status="PASS" signature="setup()[pri:0, instance:com.zerobank.qa.testcases.Home_page_test@2d6eabae]" name="setup" is-config="true" duration-ms="9895" started-at="2020-09-15T15:54:57 IST" finished-at="2020-09-15T15:55:07 IST">
          <reporter-output>
          </reporter-output>
        </test-method> <!-- setup -->
        <test-method status="PASS" signature="TC4()[pri:2, instance:com.zerobank.qa.testcases.Home_page_test@2d6eabae]" name="TC4" duration-ms="5210" started-at="2020-09-15T15:55:07 IST" finished-at="2020-09-15T15:55:12 IST">
          <reporter-output>
          </reporter-output>
        </test-method> <!-- TC4 -->
        <test-method status="PASS" signature="teardown1()[pri:0, instance:com.zerobank.qa.testcases.Home_page_test@2d6eabae]" name="teardown1" is-config="true" duration-ms="1146" started-at="2020-09-15T15:55:12 IST" finished-at="2020-09-15T15:55:13 IST">
          <reporter-output>
          </reporter-output>
        </test-method> <!-- teardown1 -->
        <test-method status="PASS" signature="setup()[pri:0, instance:com.zerobank.qa.testcases.Home_page_test@2d6eabae]" name="setup" is-config="true" duration-ms="8844" started-at="2020-09-15T15:55:13 IST" finished-at="2020-09-15T15:55:22 IST">
          <reporter-output>
          </reporter-output>
        </test-method> <!-- setup -->
        <test-method status="PASS" signature="TC5()[pri:3, instance:com.zerobank.qa.testcases.Home_page_test@2d6eabae]" name="TC5" duration-ms="2171" started-at="2020-09-15T15:55:22 IST" finished-at="2020-09-15T15:55:24 IST">
          <reporter-output>
          </reporter-output>
        </test-method> <!-- TC5 -->
        <test-method status="PASS" signature="teardown1()[pri:0, instance:com.zerobank.qa.testcases.Home_page_test@2d6eabae]" name="teardown1" is-config="true" duration-ms="1120" started-at="2020-09-15T15:55:24 IST" finished-at="2020-09-15T15:55:26 IST">
          <reporter-output>
          </reporter-output>
        </test-method> <!-- teardown1 -->
      </class> <!-- com.zerobank.qa.testcases.Home_page_test -->
      <class name="com.zerobank.qa.testcases.Purchase_currency_test">
        <test-method status="PASS" signature="setup()[pri:0, instance:com.zerobank.qa.testcases.Purchase_currency_test@48503868]" name="setup" is-config="true" duration-ms="11348" started-at="2020-09-15T15:57:25 IST" finished-at="2020-09-15T15:57:36 IST">
          <reporter-output>
          </reporter-output>
        </test-method> <!-- setup -->
        <test-method status="PASS" signature="TC23()[pri:0, instance:com.zerobank.qa.testcases.Purchase_currency_test@48503868]" name="TC23" duration-ms="10780" started-at="2020-09-15T15:57:36 IST" finished-at="2020-09-15T15:57:47 IST">
          <reporter-output>
          </reporter-output>
        </test-method> <!-- TC23 -->
        <test-method status="PASS" signature="teardown1()[pri:0, instance:com.zerobank.qa.testcases.Purchase_currency_test@48503868]" name="teardown1" is-config="true" duration-ms="1" started-at="2020-09-15T15:57:47 IST" finished-at="2020-09-15T15:57:47 IST">
          <reporter-output>
          </reporter-output>
        </test-method> <!-- teardown1 -->
      </class> <!-- com.zerobank.qa.testcases.Purchase_currency_test -->
      <class name="com.zerobank.qa.testcases.Account_summary_page_test">
        <test-method status="PASS" signature="setup()[pri:0, instance:com.zerobank.qa.testcases.Account_summary_page_test@7f13d6e]" name="setup" is-config="true" duration-ms="8946" started-at="2020-09-15T15:51:27 IST" finished-at="2020-09-15T15:51:36 IST">
          <reporter-output>
          </reporter-output>
        </test-method> <!-- setup -->
        <test-method status="PASS" signature="TC6()[pri:1, instance:com.zerobank.qa.testcases.Account_summary_page_test@7f13d6e]" name="TC6" duration-ms="7862" started-at="2020-09-15T15:51:36 IST" finished-at="2020-09-15T15:51:44 IST">
          <reporter-output>
          </reporter-output>
        </test-method> <!-- TC6 -->
        <test-method status="PASS" signature="teardown1()[pri:0, instance:com.zerobank.qa.testcases.Account_summary_page_test@7f13d6e]" name="teardown1" is-config="true" duration-ms="678" started-at="2020-09-15T15:51:44 IST" finished-at="2020-09-15T15:51:44 IST">
          <reporter-output>
          </reporter-output>
        </test-method> <!-- teardown1 -->
        <test-method status="PASS" signature="setup()[pri:0, instance:com.zerobank.qa.testcases.Account_summary_page_test@7f13d6e]" name="setup" is-config="true" duration-ms="8389" started-at="2020-09-15T15:51:44 IST" finished-at="2020-09-15T15:51:53 IST">
          <reporter-output>
          </reporter-output>
        </test-method> <!-- setup -->
        <test-method status="PASS" signature="TC7()[pri:2, instance:com.zerobank.qa.testcases.Account_summary_page_test@7f13d6e]" name="TC7" duration-ms="11296" started-at="2020-09-15T15:51:53 IST" finished-at="2020-09-15T15:52:04 IST">
          <reporter-output>
          </reporter-output>
        </test-method> <!-- TC7 -->
        <test-method status="PASS" signature="teardown1()[pri:0, instance:com.zerobank.qa.testcases.Account_summary_page_test@7f13d6e]" name="teardown1" is-config="true" duration-ms="674" started-at="2020-09-15T15:52:04 IST" finished-at="2020-09-15T15:52:05 IST">
          <reporter-output>
          </reporter-output>
        </test-method> <!-- teardown1 -->
        <test-method status="PASS" signature="setup()[pri:0, instance:com.zerobank.qa.testcases.Account_summary_page_test@7f13d6e]" name="setup" is-config="true" duration-ms="8799" started-at="2020-09-15T15:52:05 IST" finished-at="2020-09-15T15:52:14 IST">
          <reporter-output>
          </reporter-output>
        </test-method> <!-- setup -->
        <test-method status="PASS" signature="TC8()[pri:3, instance:com.zerobank.qa.testcases.Account_summary_page_test@7f13d6e]" name="TC8" duration-ms="8568" started-at="2020-09-15T15:52:14 IST" finished-at="2020-09-15T15:52:22 IST">
          <reporter-output>
          </reporter-output>
        </test-method> <!-- TC8 -->
        <test-method status="PASS" signature="teardown1()[pri:0, instance:com.zerobank.qa.testcases.Account_summary_page_test@7f13d6e]" name="teardown1" is-config="true" duration-ms="732" started-at="2020-09-15T15:52:22 IST" finished-at="2020-09-15T15:52:23 IST">
          <reporter-output>
          </reporter-output>
        </test-method> <!-- teardown1 -->
        <test-method status="PASS" signature="setup()[pri:0, instance:com.zerobank.qa.testcases.Account_summary_page_test@7f13d6e]" name="setup" is-config="true" duration-ms="9306" started-at="2020-09-15T15:52:23 IST" finished-at="2020-09-15T15:52:32 IST">
          <reporter-output>
          </reporter-output>
        </test-method> <!-- setup -->
        <test-method status="PASS" signature="TC9()[pri:4, instance:com.zerobank.qa.testcases.Account_summary_page_test@7f13d6e]" name="TC9" duration-ms="8768" started-at="2020-09-15T15:52:32 IST" finished-at="2020-09-15T15:52:41 IST">
          <reporter-output>
          </reporter-output>
        </test-method> <!-- TC9 -->
        <test-method status="PASS" signature="teardown1()[pri:0, instance:com.zerobank.qa.testcases.Account_summary_page_test@7f13d6e]" name="teardown1" is-config="true" duration-ms="673" started-at="2020-09-15T15:52:41 IST" finished-at="2020-09-15T15:52:42 IST">
          <reporter-output>
          </reporter-output>
        </test-method> <!-- teardown1 -->
        <test-method status="PASS" signature="setup()[pri:0, instance:com.zerobank.qa.testcases.Account_summary_page_test@7f13d6e]" name="setup" is-config="true" duration-ms="9154" started-at="2020-09-15T15:52:42 IST" finished-at="2020-09-15T15:52:51 IST">
          <reporter-output>
          </reporter-output>
        </test-method> <!-- setup -->
        <test-method status="PASS" signature="TC10()[pri:5, instance:com.zerobank.qa.testcases.Account_summary_page_test@7f13d6e]" name="TC10" duration-ms="8920" started-at="2020-09-15T15:52:51 IST" finished-at="2020-09-15T15:53:00 IST">
          <reporter-output>
          </reporter-output>
        </test-method> <!-- TC10 -->
        <test-method status="PASS" signature="teardown1()[pri:0, instance:com.zerobank.qa.testcases.Account_summary_page_test@7f13d6e]" name="teardown1" is-config="true" duration-ms="663" started-at="2020-09-15T15:53:00 IST" finished-at="2020-09-15T15:53:00 IST">
          <reporter-output>
          </reporter-output>
        </test-method> <!-- teardown1 -->
        <test-method status="PASS" signature="setup()[pri:0, instance:com.zerobank.qa.testcases.Account_summary_page_test@7f13d6e]" name="setup" is-config="true" duration-ms="8737" started-at="2020-09-15T15:53:00 IST" finished-at="2020-09-15T15:53:09 IST">
          <reporter-output>
          </reporter-output>
        </test-method> <!-- setup -->
        <test-method status="PASS" signature="TC11()[pri:6, instance:com.zerobank.qa.testcases.Account_summary_page_test@7f13d6e]" name="TC11" duration-ms="7013" started-at="2020-09-15T15:53:09 IST" finished-at="2020-09-15T15:53:16 IST">
          <reporter-output>
          </reporter-output>
        </test-method> <!-- TC11 -->
        <test-method status="PASS" signature="teardown1()[pri:0, instance:com.zerobank.qa.testcases.Account_summary_page_test@7f13d6e]" name="teardown1" is-config="true" duration-ms="1077" started-at="2020-09-15T15:53:16 IST" finished-at="2020-09-15T15:53:17 IST">
          <reporter-output>
          </reporter-output>
        </test-method> <!-- teardown1 -->
      </class> <!-- com.zerobank.qa.testcases.Account_summary_page_test -->
      <class name="com.zerobank.qa.testcases.Tranfer_fund_page_test">
        <test-method status="PASS" signature="setup()[pri:0, instance:com.zerobank.qa.testcases.Tranfer_fund_page_test@6895a785]" name="setup" is-config="true" duration-ms="17173" started-at="2020-09-15T15:57:47 IST" finished-at="2020-09-15T15:58:04 IST">
          <reporter-output>
          </reporter-output>
        </test-method> <!-- setup -->
        <test-method status="PASS" signature="TC20()[pri:0, instance:com.zerobank.qa.testcases.Tranfer_fund_page_test@6895a785]" name="TC20" duration-ms="13597" started-at="2020-09-15T15:58:04 IST" finished-at="2020-09-15T15:58:18 IST">
          <reporter-output>
          </reporter-output>
        </test-method> <!-- TC20 -->
        <test-method status="PASS" signature="teardown1()[pri:0, instance:com.zerobank.qa.testcases.Tranfer_fund_page_test@6895a785]" name="teardown1" is-config="true" duration-ms="2449" started-at="2020-09-15T15:58:18 IST" finished-at="2020-09-15T15:58:20 IST">
          <reporter-output>
          </reporter-output>
        </test-method> <!-- teardown1 -->
      </class> <!-- com.zerobank.qa.testcases.Tranfer_fund_page_test -->
      <class name="com.zerobank.qa.testcases.Find_transaction_page_test">
        <test-method status="PASS" signature="setup()[pri:0, instance:com.zerobank.qa.testcases.Find_transaction_page_test@23faf8f2]" name="setup" is-config="true" duration-ms="10321" started-at="2020-09-15T15:53:51 IST" finished-at="2020-09-15T15:54:01 IST">
          <reporter-output>
          </reporter-output>
        </test-method> <!-- setup -->
        <test-method status="PASS" signature="TC18_TC19()[pri:0, instance:com.zerobank.qa.testcases.Find_transaction_page_test@23faf8f2]" name="TC18_TC19" duration-ms="11584" started-at="2020-09-15T15:54:01 IST" finished-at="2020-09-15T15:54:13 IST">
          <reporter-output>
          </reporter-output>
        </test-method> <!-- TC18_TC19 -->
        <test-method status="PASS" signature="teardown1()[pri:0, instance:com.zerobank.qa.testcases.Find_transaction_page_test@23faf8f2]" name="teardown1" is-config="true" duration-ms="1336" started-at="2020-09-15T15:54:13 IST" finished-at="2020-09-15T15:54:14 IST">
          <reporter-output>
          </reporter-output>
        </test-method> <!-- teardown1 -->
      </class> <!-- com.zerobank.qa.testcases.Find_transaction_page_test -->
      <class name="com.zerobank.qa.testcases.My_money_map_page_test">
        <test-method status="PASS" signature="setup()[pri:0, instance:com.zerobank.qa.testcases.My_money_map_page_test@4e7dc304]" name="setup" is-config="true" duration-ms="9790" started-at="2020-09-15T15:55:26 IST" finished-at="2020-09-15T15:55:35 IST">
          <reporter-output>
          </reporter-output>
        </test-method> <!-- setup -->
        <test-method status="PASS" signature="verifyhomepagetitle()[pri:0, instance:com.zerobank.qa.testcases.My_money_map_page_test@4e7dc304]" name="verifyhomepagetitle" duration-ms="14249" started-at="2020-09-15T15:55:35 IST" finished-at="2020-09-15T15:55:50 IST">
          <reporter-output>
          </reporter-output>
        </test-method> <!-- verifyhomepagetitle -->
        <test-method status="PASS" signature="teardown1()[pri:0, instance:com.zerobank.qa.testcases.My_money_map_page_test@4e7dc304]" name="teardown1" is-config="true" duration-ms="665" started-at="2020-09-15T15:55:50 IST" finished-at="2020-09-15T15:55:50 IST">
          <reporter-output>
          </reporter-output>
        </test-method> <!-- teardown1 -->
      </class> <!-- com.zerobank.qa.testcases.My_money_map_page_test -->
      <class name="com.zerobank.qa.testcases.Online_transaction_page_test">
        <test-method status="PASS" signature="setup()[pri:0, instance:com.zerobank.qa.testcases.Online_transaction_page_test@64729b1e]" name="setup" is-config="true" duration-ms="9782" started-at="2020-09-15T15:55:50 IST" finished-at="2020-09-15T15:56:00 IST">
          <reporter-output>
          </reporter-output>
        </test-method> <!-- setup -->
        <test-method status="PASS" signature="TC13()[pri:0, instance:com.zerobank.qa.testcases.Online_transaction_page_test@64729b1e]" name="TC13" duration-ms="8560" started-at="2020-09-15T15:56:00 IST" finished-at="2020-09-15T15:56:09 IST">
          <reporter-output>
          </reporter-output>
        </test-method> <!-- TC13 -->
        <test-method status="PASS" signature="teardown1()[pri:0, instance:com.zerobank.qa.testcases.Online_transaction_page_test@64729b1e]" name="teardown1" is-config="true" duration-ms="0" started-at="2020-09-15T15:56:09 IST" finished-at="2020-09-15T15:56:09 IST">
          <reporter-output>
          </reporter-output>
        </test-method> <!-- teardown1 -->
      </class> <!-- com.zerobank.qa.testcases.Online_transaction_page_test -->
    </test> <!-- Test -->
  </suite> <!-- Suite -->
</testng-results>
