<?xml version="1.0" encoding="UTF-8"?>
<!-- Generated by org.testng.reporters.JUnitXMLReporter -->
<testsuite hostname="SUD-PC" ignored="0" name="Test" tests="24" failures="0" timestamp="2020-09-15T15:58:21 IST" time="548.607" errors="0">
  <testcase name="TC13" time="12.164" classname="com.zerobank.qa.testcases.Account_activity_page_test"/>
  <testcase name="TC14" time="9.54" classname="com.zerobank.qa.testcases.Account_activity_page_test"/>
  <testcase name="TC15" time="9.574" classname="com.zerobank.qa.testcases.Account_activity_page_test"/>
  <testcase name="TC16" time="9.329" classname="com.zerobank.qa.testcases.Account_activity_page_test"/>
  <testcase name="TC17" time="9.596" classname="com.zerobank.qa.testcases.Account_activity_page_test"/>
  <testcase name="TC17_DOUBLE" time="10.173" classname="com.zerobank.qa.testcases.Account_activity_page_test"/>
  <testcase name="TC6" time="7.862" classname="com.zerobank.qa.testcases.Account_summary_page_test"/>
  <testcase name="TC7" time="11.296" classname="com.zerobank.qa.testcases.Account_summary_page_test"/>
  <testcase name="TC8" time="8.568" classname="com.zerobank.qa.testcases.Account_summary_page_test"/>
  <testcase name="TC9" time="8.768" classname="com.zerobank.qa.testcases.Account_summary_page_test"/>
  <testcase name="TC10" time="8.92" classname="com.zerobank.qa.testcases.Account_summary_page_test"/>
  <testcase name="TC11" time="7.013" classname="com.zerobank.qa.testcases.Account_summary_page_test"/>
  <testcase name="TC22" time="11.677" classname="com.zerobank.qa.testcases.Add_new_payee_page_test"/>
  <testcase name="TC26" time="2.701" classname="com.zerobank.qa.testcases.Feedback_page_test"/>
  <testcase name="TC18_TC19" time="11.584" classname="com.zerobank.qa.testcases.Find_transaction_page_test"/>
  <testcase name="TC2" time="1.217" classname="com.zerobank.qa.testcases.Home_page_test"/>
  <testcase name="TC3" time="6.157" classname="com.zerobank.qa.testcases.Home_page_test"/>
  <testcase name="TC4" time="5.21" classname="com.zerobank.qa.testcases.Home_page_test"/>
  <testcase name="TC5" time="2.171" classname="com.zerobank.qa.testcases.Home_page_test"/>
  <testcase name="verifyhomepagetitle" time="14.249" classname="com.zerobank.qa.testcases.My_money_map_page_test"/>
  <testcase name="TC13" time="8.56" classname="com.zerobank.qa.testcases.Online_transaction_page_test"/>
  <testcase name="TC21" time="52.852" classname="com.zerobank.qa.testcases.Pay_bills_page_test"/>
  <testcase name="TC23" time="10.78" classname="com.zerobank.qa.testcases.Purchase_currency_test"/>
  <testcase name="TC20" time="13.597" classname="com.zerobank.qa.testcases.Tranfer_fund_page_test"/>
</testsuite> <!-- Test -->
